Using pre-set license
Built from '2022.3/staging' branch; Version is '2022.3.7f1 (b16b3b16c7a0) revision 11627323'; Using compiler version '192829333'; Build Type 'Release'
OS: 'Windows 10  (10.0.19045) 64bit Core' Language: 'en' Physical Memory: 32717 MB
BatchMode: 1, IsHumanControllingUs: 0, StartBugReporterOnCrash: 0, Is64bit: 1, IsPro: 1

COMMAND LINE ARGUMENTS:
E:\Unity\2022.3.7f1\Editor\Unity.exe
-adb2
-batchMode
-noUpm
-name
AssetImportWorker4
-projectPath
C:/Users/jhhue/Documents/GitHub/Dungeon-Crusade/FInalGame
-logFile
Logs/AssetImportWorker4.log
-srvPort
64925
Successfully changed project path to: C:/Users/jhhue/Documents/GitHub/Dungeon-Crusade/FInalGame
C:/Users/jhhue/Documents/GitHub/Dungeon-Crusade/FInalGame
[UnityMemory] Configuration Parameters - Can be set up in boot.config
    "memorysetup-bucket-allocator-granularity=16"
    "memorysetup-bucket-allocator-bucket-count=8"
    "memorysetup-bucket-allocator-block-size=33554432"
    "memorysetup-bucket-allocator-block-count=8"
    "memorysetup-main-allocator-block-size=16777216"
    "memorysetup-thread-allocator-block-size=16777216"
    "memorysetup-gfx-main-allocator-block-size=16777216"
    "memorysetup-gfx-thread-allocator-block-size=16777216"
    "memorysetup-cache-allocator-block-size=4194304"
    "memorysetup-typetree-allocator-block-size=2097152"
    "memorysetup-profiler-bucket-allocator-granularity=16"
    "memorysetup-profiler-bucket-allocator-bucket-count=8"
    "memorysetup-profiler-bucket-allocator-block-size=33554432"
    "memorysetup-profiler-bucket-allocator-block-count=8"
    "memorysetup-profiler-allocator-block-size=16777216"
    "memorysetup-profiler-editor-allocator-block-size=1048576"
    "memorysetup-temp-allocator-size-main=16777216"
    "memorysetup-job-temp-allocator-block-size=2097152"
    "memorysetup-job-temp-allocator-block-size-background=1048576"
    "memorysetup-job-temp-allocator-reduction-small-platforms=262144"
    "memorysetup-allocator-temp-initial-block-size-main=262144"
    "memorysetup-allocator-temp-initial-block-size-worker=262144"
    "memorysetup-temp-allocator-size-background-worker=32768"
    "memorysetup-temp-allocator-size-job-worker=262144"
    "memorysetup-temp-allocator-size-preload-manager=33554432"
    "memorysetup-temp-allocator-size-nav-mesh-worker=65536"
    "memorysetup-temp-allocator-size-audio-worker=65536"
    "memorysetup-temp-allocator-size-cloud-worker=32768"
    "memorysetup-temp-allocator-size-gi-baking-worker=262144"
    "memorysetup-temp-allocator-size-gfx=262144"
Player connection [33200] Host "[IP] 192.168.1.125 [Port] 0 [Flags] 2 [Guid] 937883399 [EditorId] 937883399 [Version] 1048832 [Id] WindowsEditor(7,Japhs-PC) [Debug] 1 [PackageName] WindowsEditor [ProjectName] Editor" joined multi-casting on [225.0.0.222:54997]...

Player connection [33200] Host "[IP] 192.168.1.125 [Port] 0 [Flags] 2 [Guid] 937883399 [EditorId] 937883399 [Version] 1048832 [Id] WindowsEditor(7,Japhs-PC) [Debug] 1 [PackageName] WindowsEditor [ProjectName] Editor" joined alternative multi-casting on [225.0.0.222:34997]...

Refreshing native plugins compatible for Editor in 8.36 ms, found 3 plugins.
Preloading 0 native plugins for Editor in 0.00 ms.
Initialize engine version: 2022.3.7f1 (b16b3b16c7a0)
[Subsystems] Discovering subsystems at path E:/Unity/2022.3.7f1/Editor/Data/Resources/UnitySubsystems
[Subsystems] Discovering subsystems at path C:/Users/jhhue/Documents/GitHub/Dungeon-Crusade/FInalGame/Assets
GfxDevice: creating device client; threaded=0; jobified=0
Direct3D:
    Version:  Direct3D 11.0 [level 11.1]
    Renderer: NVIDIA GeForce RTX 3070 (ID=0x2484)
    Vendor:   NVIDIA
    VRAM:     8031 MB
    Driver:   31.0.15.3742
Initialize mono
Mono path[0] = 'E:/Unity/2022.3.7f1/Editor/Data/Managed'
Mono path[1] = 'E:/Unity/2022.3.7f1/Editor/Data/MonoBleedingEdge/lib/mono/unityjit-win32'
Mono config path = 'E:/Unity/2022.3.7f1/Editor/Data/MonoBleedingEdge/etc'
Using monoOptions --debugger-agent=transport=dt_socket,embedding=1,server=y,suspend=n,address=127.0.0.1:56084
Begin MonoManager ReloadAssembly
Registering precompiled unity dll's ...
Register platform support module: E:/Unity/2022.3.7f1/Editor/Data/PlaybackEngines/WebGLSupport/UnityEditor.WebGL.Extensions.dll
Register platform support module: E:/Unity/2022.3.7f1/Editor/Data/PlaybackEngines/WindowsStandaloneSupport/UnityEditor.WindowsStandalone.Extensions.dll
Registered in 0.004922 seconds.
- Loaded All Assemblies, in  0.308 seconds
Native extension for WindowsStandalone target not found
Native extension for WebGL target not found
Mono: successfully reloaded assembly
- Finished resetting the current domain, in  0.224 seconds
Domain Reload Profiling: 532ms
	BeginReloadAssembly (102ms)
		ExecutionOrderSort (0ms)
		DisableScriptedObjects (0ms)
		BackupInstance (0ms)
		ReleaseScriptingObjects (0ms)
		CreateAndSetChildDomain (1ms)
	RebuildCommonClasses (31ms)
	RebuildNativeTypeToScriptingClass (10ms)
	initialDomainReloadingComplete (43ms)
	LoadAllAssembliesAndSetupDomain (121ms)
		LoadAssemblies (102ms)
		RebuildTransferFunctionScriptingTraits (0ms)
		AnalyzeDomain (119ms)
			TypeCache.Refresh (117ms)
				TypeCache.ScanAssembly (107ms)
			ScanForSourceGeneratedMonoScriptInfo (0ms)
			ResolveRequiredComponents (0ms)
	FinalizeReload (225ms)
		ReleaseScriptCaches (0ms)
		RebuildScriptCaches (0ms)
		SetupLoadedEditorAssemblies (170ms)
			LogAssemblyErrors (0ms)
			InitializePlatformSupportModulesInManaged (8ms)
			SetLoadedEditorAssemblies (5ms)
			RefreshPlugins (0ms)
			BeforeProcessingInitializeOnLoad (2ms)
			ProcessInitializeOnLoadAttributes (114ms)
			ProcessInitializeOnLoadMethodAttributes (40ms)
			AfterProcessingInitializeOnLoad (0ms)
			EditorAssembliesLoaded (0ms)
		ExecutionOrderSort2 (0ms)
		AwakeInstancesAfterBackupRestoration (0ms)
========================================================================
Worker process is ready to serve import requests
Begin MonoManager ReloadAssembly
Symbol file LoadedFromMemory doesn't match image C:\Users\jhhue\Documents\GitHub\Dungeon-Crusade\FInalGame\Library\PackageCache\com.unity.visualscripting@1.8.0\Editor\VisualScripting.Core\Dependencies\YamlDotNet\Unity.VisualScripting.YamlDotNet.dll
Symbol file LoadedFromMemory doesn't match image C:\Users\jhhue\Documents\GitHub\Dungeon-Crusade\FInalGame\Library\PackageCache\com.unity.visualscripting@1.8.0\Editor\VisualScripting.Core\Dependencies\DotNetZip\Unity.VisualScripting.IonicZip.dll
- Loaded All Assemblies, in  0.575 seconds
Refreshing native plugins compatible for Editor in 3.45 ms, found 3 plugins.
Native extension for WindowsStandalone target not found
Native extension for WebGL target not found
Mono: successfully reloaded assembly
- Finished resetting the current domain, in  0.536 seconds
Domain Reload Profiling: 1109ms
	BeginReloadAssembly (135ms)
		ExecutionOrderSort (0ms)
		DisableScriptedObjects (5ms)
		BackupInstance (0ms)
		ReleaseScriptingObjects (0ms)
		CreateAndSetChildDomain (19ms)
	RebuildCommonClasses (30ms)
	RebuildNativeTypeToScriptingClass (10ms)
	initialDomainReloadingComplete (31ms)
	LoadAllAssembliesAndSetupDomain (366ms)
		LoadAssemblies (291ms)
		RebuildTransferFunctionScriptingTraits (0ms)
		AnalyzeDomain (158ms)
			TypeCache.Refresh (139ms)
				TypeCache.ScanAssembly (127ms)
			ScanForSourceGeneratedMonoScriptInfo (14ms)
			ResolveRequiredComponents (4ms)
	FinalizeReload (536ms)
		ReleaseScriptCaches (0ms)
		RebuildScriptCaches (0ms)
		SetupLoadedEditorAssemblies (405ms)
			LogAssemblyErrors (0ms)
			InitializePlatformSupportModulesInManaged (5ms)
			SetLoadedEditorAssemblies (4ms)
			RefreshPlugins (0ms)
			BeforeProcessingInitializeOnLoad (101ms)
			ProcessInitializeOnLoadAttributes (277ms)
			ProcessInitializeOnLoadMethodAttributes (15ms)
			AfterProcessingInitializeOnLoad (2ms)
			EditorAssembliesLoaded (0ms)
		ExecutionOrderSort2 (0ms)
		AwakeInstancesAfterBackupRestoration (5ms)
Launched and connected shader compiler UnityShaderCompiler.exe after 0.04 seconds
Refreshing native plugins compatible for Editor in 3.32 ms, found 3 plugins.
Preloading 0 native plugins for Editor in 0.00 ms.
Unloading 3516 Unused Serialized files (Serialized files now loaded: 0)
Unloading 38 unused Assets / (57.4 KB). Loaded Objects now: 4006.
Memory consumption went from 137.1 MB to 137.1 MB.
Total: 2.890100 ms (FindLiveObjects: 0.250700 ms CreateObjectMapping: 0.090500 ms MarkObjects: 2.426000 ms  DeleteObjects: 0.122300 ms)

AssetImportParameters requested are different than current active one (requested -> active):
  custom:container-demuxer-ogg: 62fdf1f143b41e24485cea50d1cbac27 -> 
  custom:scripting/monoscript/fileName/CollectionExtensions.cs: 0de5114dee9bfae7ea55bdae3b0d3f88 -> 
  custom:scripting/monoscript/fileName/InstantActionHandler.cs: 90647cc400823b41df847a6cbfc29026 -> 
  custom:scripting/monoscript/fileName/SuperCollision.cs: 888157d9df4545f7800783f094c8c273 -> 
  custom:scripting/monoscript/fileName/VignetteModel.cs: ab6733272f937ac0155aab47b4a8e58e -> 
  custom:scripting/monoscript/fileName/EyeAdaptationModel.cs: 5bcc92c7d981d480ed07d6af7dd1a959 -> 
  custom:scripting/monoscript/fileName/PostProcessingModelEditorAttribute.cs: 84467b1ef2082fe26f00bdedc34db836 -> 
  custom:scripting/monoscript/fileName/ReflectionUtils.cs: 14b4c7d2cdf78d9b158d00fb2c3c24b2 -> 
  custom:scripting/monoscript/fileName/MinDrawer.cs: f0b5a34ad7cefeba48c04a270d4abfc9 -> 
  custom:video-decoder-ogg-theora: a1e56fd34408186e4bbccfd4996cb3dc -> 
  custom:scripting/monoscript/fileName/ExampleWheelController.cs: 9600d370c57ff0da5766666ba4365a29 -> 
  custom:scripting/monoscript/fileName/SuperCollider.cs: 99910f23e5fc6aa7cb8573052d1f7ac2 -> 
  custom:scripting/monoscript/fileName/DoubleJump.cs: 1359eef64a007879a547317eae1a0c5e -> 
  custom:scripting/monoscript/fileName/GetSetAttribute.cs: b786c1938e0c0f5ecaf463807c2d7653 -> 
  custom:scripting/monoscript/fileName/PlayerHoverController.cs: 7c3b24e6003bfc3753fe4dcd628b63d3 -> 
  custom:scripting/monoscript/fileName/FxStyles.cs: 82e974921467cb55809ecad82f38f7ca -> 
  custom:scripting/monoscript/fileName/RPGInputs.cs: 849ed7f5b11c9db237ef61b01c5a5104 -> 
  custom:framework-win-MediaFoundation: 216162199b28c13a410421893ffa2e32 -> 
  custom:scripting/monoscript/fileName/PostProcessingContext.cs: be8a0bc1565c6324b1fd40a33f66279b -> 
  custom:scripting/monoscript/fileName/Camera2DFollow.cs: 36d4332d4c2ffe3b416bc2a4e8365925 -> 
  custom:scripting/monoscript/fileName/Move.cs: d8175e2c75b2b923250429092ef43a85 -> 
  custom:scripting/monoscript/fileName/SplatMapGenerator.cs: 978523f7220bcfbfe4e97dde54f01a88 -> 
  custom:scripting/monoscript/fileName/PostProcessingInspector.cs: b617eaa0b6e3e752eaf9e9a89203dc82 -> 
  custom:scripting/monoscript/fileName/AntialiasingModelEditor.cs: 0f2b80733b1449af72ed38ee469e2a30 -> 
  custom:scripting/monoscript/fileName/EyeAdaptationComponent.cs: 0cb2aaf8cdc20c0baee2205168cbc73c -> 
  custom:scripting/monoscript/fileName/FxaaComponent.cs: 9d1fd3efb92e1fef6fd176ee45003f08 -> 
  custom:scripting/monoscript/fileName/PlayerCamera.cs: b178b271084040bd12f005109094346b -> 
  custom:scripting/monoscript/fileName/BSPTree.cs: 1bae6001f694de2f5bc94cbd9e2a5409 -> 
  custom:scripting/monoscript/fileName/PlayerController.cs: d93a52a180fbbe603a59e9aa6da73c83 -> 
  custom:scripting/monoscript/fileName/SimpleActionHandler.cs: f7b533ad27e58628d9076fee28b5313c -> 
  custom:scripting/monoscript/fileName/SwitchWeapon.cs: 2bae5128e5825220242b156a43b3d4db -> 
  custom:scripting/monoscript/fileName/DitheringModel.cs: fa99c50231ddc7ca26b5d6c9a68b4b31 -> 
  custom:CustomObjectIndexerAttribute: 756ad292c208cfabdd7b50bc23989ffe -> 
  custom:scripting/monoscript/fileName/SimpleSmoothMouseLook.cs: cff7259a09eaa180476819b446c45906 -> 
  custom:scripting/monoscript/fileName/Fall.cs: 2fbde0244551afae75210bd5a85644fb -> 
  custom:scripting/monoscript/fileName/ControllerExtensions.cs: 1e90de09a65e90cbe09dcad7ffafd87c -> 
  custom:scripting/monoscript/fileName/TrackballAttribute.cs: f1962deba67196a6cd6b7953be1caf36 -> 
  custom:scripting/monoscript/fileName/PostProcessingProfile.cs: e94a21971fab43a541218a4f91e0403c -> 
  custom:scripting/monoscript/fileName/AnimationVariations.cs: cb5eb6af831ebb964b748f6ade70b3ff -> 
  custom:scripting/monoscript/fileName/BuiltinDebugViewsModel.cs: 4a09809f2c0ed6cca27229b06ce1d289 -> 
  custom:container-demuxer-webm: 4f35f7cbe854078d1ac9338744f61a02 -> 
  custom:scripting/monoscript/fileName/SuperMath.cs: 6f17478ba9a5bad6ed134557c2fdee93 -> 
  custom:scripting/monoscript/fileName/IKHands.cs: a501caec83417fa61aa2095fce356c86 -> 
  custom:scripting/monoscript/fileName/RenderTextureFactory.cs: b11bc916a1a88ed67d986ee69a536511 -> 
  custom:scripting/monoscript/fileName/FogModelEditor.cs: 64b75506b78e4411272a1d25aff5dcfd -> 
  custom:scripting/monoscript/fileName/EyeAdaptationModelEditor.cs: ee1343b3ceaceb2c63bf272baf871cbd -> 
  custom:scripting/monoscript/fileName/ForceGrassDistanceInEditor.cs: c02d90dd62271f0368ce2fc0457cb68c -> 
  custom:scripting/monoscript/fileName/DefaultPostFxModelEditor.cs: e4be4b1d308934dee3a6a91920dc1b3d -> 
  custom:scripting/monoscript/fileName/PostProcessingFactory.cs: f4e35cbabcf5e0add8e963bb8ab175b2 -> 
  custom:scripting/monoscript/fileName/RPGCharacterMovementController.cs: 68ef00d712878323b594ca07cd67cfd8 -> 
  custom:scripting/monoscript/fileName/SuperCollisionType.cs: fd7cfc42910077f94e90621986d7763c -> 
  custom:scripting/monoscript/fileName/SuperGround.cs: 849ed7f5b11c9db237ef61b01c5a5104 -> 
  custom:scripting/monoscript/fileName/BaseActionHandler.cs: 90647cc400823b41df847a6cbfc29026 -> 
  custom:scripting/monoscript/fileName/DepthOfFieldModel.cs: ab243c09a4b44fd7a53f73051db01cbc -> 
  custom:scripting/monoscript/fileName/SuperStateMachine.cs: 8232af25ee187bdf8f5018c5dd028a4e -> 
  custom:scripting/monoscript/fileName/ColorGradingModel.cs: d1c2ef15f5e9e4868052777d51361b40 -> 
  custom:scripting/monoscript/fileName/Idle.cs: 16ed73764a73aaa8d71608a762b31fa2 -> 
  custom:scripting/monoscript/fileName/ScreenSpaceReflectionModel.cs: 507d9c80d381478e1c14f5bfe34012ae -> 
  custom:scripting/monoscript/fileName/RPGCharacterInputSystemController.cs: c83b473d888461492dd7aca91520f00d -> 
  custom:scripting/monoscript/fileName/PlayerInputController.cs: 53f9c62b24fb368da1ff2c4d4f52d193 -> 
  custom:scripting/monoscript/fileName/TrackballGroupAttribute.cs: 6d071733b141a3fb3360b110560ed1cc -> 
  custom:scripting/monoscript/fileName/DitheringModelEditor.cs: 98ce08c54d480e2032b7e03104c8332a -> 
  custom:scripting/monoscript/fileName/GUIControls.cs: 95b4841842ce692c364e0aac4c455c60 -> 
  custom:scripting/monoscript/fileName/Math3d.cs: 816ad95c73e4c3d25076a82af67658a1 -> 
  custom:container-muxer-webm: aa71ff27fc2769a1b78a27578f13a17b -> 
  custom:scripting/monoscript/fileName/PlayerMachine.cs: 038ad5037ea9a493e9e5c17d24cc2e2d -> 
  custom:scripting/monoscript/fileName/RPGCharacterController.cs: 50ec91c04939167c23373ca9ea694e72 -> 
  custom:scripting/monoscript/fileName/PlaceOnSurfaceAtStart.cs: 6425012b1be9be14fc1a64db64d75783 -> 
  custom:video-decoder-webm-vp8: 9c59270c3fd7afecdb556c50c9e8de78 -> 
  custom:scripting/monoscript/fileName/BloomComponent.cs: 755f611bb4d32a54d162192a9fc6dd86 -> 
  custom:scripting/monoscript/fileName/MotionBlurComponent.cs: 6cf5a99eefa473d803af3e64f841a0a6 -> 
  custom:scripting/monoscript/fileName/NPC.cs: 4f3098839750b4e4dc501680980028ee -> 
  custom:scripting/monoscript/fileName/CircleMoverSample.cs: abdbac9546c68b758ba1e8d085187f86 -> 
  custom:scripting/monoscript/fileName/AnimationData.cs: 158842959f7e68a674ee203ab7d7a2b8 -> 
  custom:scripting/monoscript/fileName/RPGCharacterAnimatorEvents.cs: 54a9ca300583e734c3b4e545096070ba -> 
  custom:scripting/monoscript/fileName/BuiltinDebugViewsComponent.cs: 1b8215a7f6eae55c3fc6a97379498db3 -> 
  custom:scripting/monoscript/fileName/SpawnInArea.cs: d58f698a91ea9cb4b48b0bb3ab224695 -> 
  custom:scripting/monoscript/fileName/IgnoredCollider.cs: 0cdf409b5aa8d4c25876d72b5c6a3b60 -> 
  custom:scripting/monoscript/fileName/MotionBlurModelEditor.cs: 214d77ab75c222685eecaec8c6aed3b0 -> 
  custom:scripting/monoscript/fileName/TreeExplosion.cs: ff76bbd7bd3d2bad80b109a5f521d638 -> 
  custom:SearchIndexIgnoredProperties: e643bd26f0fe6173181afceb89e7c659 -> 
  custom:scripting/monoscript/fileName/ChromaticAberrationEditor.cs: 4b6bc01a6288a606d1a3fe94f621633b -> 
  custom:scripting/monoscript/fileName/AttackContext.cs: ecee8e069bd418bc4a97a67ed1a0ad33 -> 
  custom:scripting/monoscript/fileName/ActionHandler.cs: a3298048acccfde4e59a926f87bfad30 -> 
  custom:scripting/monoscript/fileName/AmbientOcclusionModel.cs: ac26bcd19cab8c88e9b65cb75ee1c356 -> 
  custom:AudioImporter_EditorPlatform: d09bf68614088b80899f8185d706f6e7 -> 
  custom:scripting/monoscript/fileName/SetupInputLayers.cs: 389979534e379616ab9ca67b9498efac -> 
  custom:scripting/monoscript/fileName/AnimatorExtensions.cs: 72af1547ce7dae6261d30fb7becdaf12 -> 
  custom:scripting/monoscript/fileName/SlowTime.cs: 02b6e1a35e1d76a4ad29cf0e44eb6bf4 -> 
  custom:scripting/monoscript/fileName/TerrainTools.cs: 0a67150dc84c7f556953f508bb42ee41 -> 
  custom:scripting/monoscript/fileName/WeaponExtensions.cs: dd941b82ef883000eea18e3038372a1c -> 
  custom:scripting/monoscript/fileName/AmbientOcclusionComponent.cs: ae5a7089fb97a5a97a8f11138ce7c9d2 -> 
  custom:scripting/monoscript/fileName/GraphicsUtils.cs: f7df21c2acb52bb931f99c0a424b6be0 -> 
  custom:scripting/monoscript/fileName/DepthOfFieldComponent.cs: b0afd8f8844e3e4017df6130c14d0dfc -> 
  custom:scripting/monoscript/fileName/ColorGradingModelEditor.cs: d8393f813d799206976f65da1ab781ef -> 
  custom:scripting/monoscript/fileName/ColorGradingCurve.cs: e1e989893ee31e7801923212f0468312 -> 
  custom:scripting/monoscript/fileName/AntialiasingModel.cs: 325b0130eaada61513aeac7b8c97a9d7 -> 
  custom:scripting/monoscript/fileName/ChromaticAberrationModel.cs: 3f166f1ecbc6f39ed2f6b10cbc5b4ba4 -> 
  custom:scripting/monoscript/fileName/EmptyContext.cs: 561fcfa0f80ef1a5777a9e88304c0e27 -> 
  custom:scripting/monoscript/fileName/AmbientOcclusionModelEditor.cs: 99a92cb6d65b3a11adad7b285256ee66 -> 
  custom:scripting/monoscript/fileName/TaaComponent.cs: 7c343e97072a6712c3a2b01e75fdb7fa -> 
  custom:scripting/monoscript/fileName/Attack.cs: 91676e546567efff93d659a89c04882d -> 
  custom:scripting/monoscript/fileName/RPGCharacterNavigationController.cs: 77ed352f12608ac655897c8c0667a5c4 -> 
  custom:scripting/monoscript/fileName/ParadeMonitor.cs: cae69c77ac3a6bd03788e390b0793dce -> 
  custom:scripting/monoscript/fileName/TerrainQualitySettings.cs: 97d80f5eabf04f6efb29519e09b7914e -> 
  custom:scripting/monoscript/fileName/DebugDraw.cs: 3a58a8dfbcd33809a50925ddcfb20b7d -> 
  custom:scripting/monoscript/fileName/BloomModelEditor.cs: 82667d6cbb2e9deab73f43bddd4cb3ad -> 
  custom:scripting/monoscript/fileName/CameraController.cs: 225aff0fa9c34e9137bcb9ab5248ad2b -> 
  custom:scripting/monoscript/fileName/HistogramMonitor.cs: 89c185ea097a2554de07760bc4248c43 -> 
  custom:scripting/monoscript/fileName/PostProcessingBehaviourEditor.cs: 066ae7bf767a73228aa8d9e772743d81 -> 
  custom:scripting/monoscript/fileName/Null.cs: 8182a3ed9f9c671f1b85d7a32d25e05c -> f21d09af01a1562156a2b42c414d9b4f
  custom:scripting/monoscript/fileName/SimpleStateMachine.cs: 3194d9edd59c29e6434b5869f1ce3a54 -> 
  custom:scripting/monoscript/fileName/PostProcessingModel.cs: 2f64caba6afa59bc78865f13b6f9065d -> 
  custom:scripting/monoscript/fileName/GetHit.cs: 95887d6992e749ac2c6dffda80de644a -> 
  custom:scripting/monoscript/fileName/EditorGUIHelper.cs: 4a11466b474c4ddf8b0e969391a97509 -> 
  custom:scripting/monoscript/fileName/DepthOfFieldModelEditor.cs: c9db63f1a070d3e8ad359080de3aa855 -> 
  custom:scripting/monoscript/fileName/ChromaticAberrationComponent.cs: cda95994b71ba23d0c0f0fe0f241aab9 -> 
  custom:scripting/monoscript/fileName/Enemy.cs: 557636673865ff53c1268fb7ac755d02 -> 13cc614454c9ae28caa24456faa3d7cf
  custom:scripting/monoscript/fileName/RandomObjectMap.cs: c5c361040658a3dbeb1ecde31a0ba042 -> 
  custom:scripting/monoscript/fileName/Navigation.cs: 341b51b7373dc1370e69423fa937406b -> e35012b3e8f0b9a62e22595c530c4b09
  custom:scripting/monoscript/fileName/TrackballGroupDrawer.cs: 36f1db6df3ee9bb6e23950968f1fa293 -> 
  custom:scripting/monoscript/fileName/BuiltinDebugViewsEditor.cs: 315fb7cf21f3f53a30e4961d88029d42 -> 
  custom:scripting/monoscript/fileName/ScreenSpaceReflectionComponent.cs: 79ad7ef64576d014e73a91b6c3af0688 -> 
  custom:scripting/monoscript/fileName/Knockback.cs: 7b57ca427ed603ab9f942d8d57f0a620 -> 
  custom:scripting/monoscript/fileName/GetSetDrawer.cs: 19bba8dcf0569bc9ff3f3eb8733c91d8 -> 
  custom:scripting/monoscript/fileName/MotionBlurModel.cs: 4e24ef1d444a45a9e0056ed75c7c7eb7 -> 
  custom:scripting/monoscript/fileName/PostProcessingComponent.cs: 85236d6b86a55b2f46a14367ab625049 -> 
  custom:video-encoder-webm-vp8: eb34c28f22e8b96e1ab97ce403110664 -> 
  custom:scripting/monoscript/fileName/PostProcessingModelEditor.cs: 5454250018fe1f45305c6e2bbb867603 -> 
  custom:scripting/monoscript/fileName/TTTools2D.cs: 938225aaf3ff01b2de05233ebd91ba4b -> 
  custom:scripting/monoscript/fileName/PostProcessingMonitor.cs: d1e07bd8dc8b5f2f5124f2514220156a -> 
  custom:audio-decoder-ogg-vorbis: bf7c407c2cedff20999df2af8eb42d56 -> 
  custom:scripting/monoscript/fileName/PlaceOnTerrain.cs: 16680a467d31626be1291a9d1cb5e268 -> 
  custom:scripting/monoscript/fileName/CoroutineQueue.cs: 44a89a32fa8b8f22e820453622d0fe02 -> 
  custom:scripting/monoscript/fileName/MaterialFactory.cs: 39b00f1518fc675c62e508eb4bdec486 -> 
  custom:scripting/monoscript/fileName/RPGCharacterInputController.cs: 7bfc908f1d6a8f28410f86e4632e3231 -> 
  custom:scripting/monoscript/fileName/VectorscopeMonitor.cs: 208c293eec47ebea88bea24abfda77aa -> 
  custom:scripting/monoscript/fileName/ColorGradingComponent.cs: fc28099e3cee649b1f5925a07b57ea96 -> 
  custom:scripting/monoscript/fileName/HitContext.cs: 94ecfcdb6fc0f07a50e97347de409486 -> 
  custom:scripting/monoscript/fileName/UserLutModel.cs: ce559ad59b29fc066f37249281afd441 -> 
  custom:scripting/monoscript/fileName/Knockdown.cs: 2fae05cc518297600a3c3b25d85f7720 -> 
  custom:scripting/monoscript/fileName/EditorResources.cs: 9f83d1aedff2fa20e157243f0913ea0e -> 
  custom:scripting/monoscript/fileName/AnimationParameters.cs: c973e7ae104d9cfe8e3606552f276370 -> 
  custom:scripting/monoscript/fileName/MinAttribute.cs: 941c73502025168e3301edfeaed1b25e -> 
  custom:scripting/monoscript/fileName/GrainComponent.cs: fae958f48caa0fab6bcf7f9c48b915e1 -> 
  custom:scripting/monoscript/fileName/UserLutModelEditor.cs: 342104b23101d3bfd45391c0769a34cf -> 
  custom:scripting/monoscript/fileName/FogComponent.cs: 2dfe6d4c859eabd11b82ff8fc7d7ad22 -> 
  custom:scripting/monoscript/fileName/RPGCharacterWeaponController.cs: f23903171406079cc2f01f8424504567 -> 
  custom:scripting/monoscript/fileName/ScreenSpaceReflectionModelEditor.cs: 7f4dd9c1675fb2cce031c62e047539ef -> 
  custom:scripting/monoscript/fileName/VignetteComponent.cs: 293deb083808f71d2d18d818ef588272 -> 
  custom:scripting/monoscript/fileName/IncrementalSplatmapping.cs: 4c2306b73b507e70f0971eb6fe596f3e -> 
  custom:scripting/monoscript/fileName/FogModel.cs: c4cd4da1fb97c7abf787083602f52bf5 -> 
  custom:scripting/monoscript/fileName/DiveRoll.cs: 85055367cb7f61c5a97473c7ea0f7a45 -> 
  custom:scripting/monoscript/fileName/PlayerMachineDebug.cs: aaae341fc7774b17addcf81fd1992cd9 -> 
  custom:scripting/monoscript/fileName/WaveformMonitor.cs: fa17c20b734d78632b46f64cd9d4f8c6 -> 
  custom:scripting/monoscript/fileName/ClearWaterLevel.cs: 63b8059750396ec04cedbc48fec03d0d -> 
  custom:scripting/monoscript/fileName/DitheringComponent.cs: 83d905897534466960141b85361bb6b4 -> 
  custom:scripting/monoscript/fileName/HandlerTypes.cs: d8cfc6f27699c40e3ddbd348e668b8e9 -> 
  custom:scripting/monoscript/fileName/Gravity.cs: c53d682c0ba4f81e5f85146f4c20e65e -> 
  custom:audio-encoder-webm-vorbis: bf7c407c2cedff20999df2af8eb42d56 -> 
  custom:scripting/monoscript/fileName/WeaponGroupings.cs: 3826a29d8d0ad8fd3cec751efa880b0e -> 
  custom:scripting/monoscript/fileName/MovementActionHandler.cs: 90647cc400823b41df847a6cbfc29026 -> 
  custom:scripting/monoscript/fileName/VignetteModelEditor.cs: e544ec17c4d10dc7a011d82b890e61d2 -> 
  custom:scripting/monoscript/fileName/Jump.cs: f6a1a7a11fc6f7a59c929d3586483941 -> 
  custom:scripting/monoscript/fileName/UserLutComponent.cs: 944143ce5f543a40c92ecea777f35ae4 -> 
  custom:scripting/monoscript/fileName/KeepOnSurface.cs: b5186260965dd31cfcb27dea430d35ae -> 
  custom:scripting/monoscript/fileName/CurveEditor.cs: 6cba1958072d99c0ff92650cfaf3fa87 -> 
  custom:scripting/monoscript/fileName/HighJumpTrampoline.cs: 326e11537f2b54fa693aa421ad83b435 -> 
  custom:scripting/monoscript/fileName/NoJumpSlime.cs: 26149c261b8a609b3dfef63833079b0e -> 
  custom:scripting/monoscript/fileName/PostProcessingBehaviour.cs: b0fbf7f67aeee9a6f7db03386dbc8c1e -> 
  custom:scripting/monoscript/fileName/CollisionSphere.cs: f0073fcad95df0546316d67fb73ddfdf -> 
  custom:scripting/monoscript/fileName/GrainModelEditor.cs: fc1fd3126ff1a32e5c9c0211f235c203 -> 
  custom:scripting/monoscript/fileName/BloomModel.cs: b4ba3e478c2698eb99512ead9d78d360 -> 
  custom:scripting/monoscript/fileName/GrainModel.cs: ce4589c9bbcb55f8f632b6617dc5d1f0 -> 
========================================================================
Received Import Request.
  Time since last request: 144356.296548 seconds.
  path: Assets/NavMesh/NavMeshComponents
  artifactKey: Guid(367ab36a0d1bba14f8a706c5557bcdfb) Importer(815301076,1909f56bfc062723c751e8b465ee728b)
Start importing Assets/NavMesh/NavMeshComponents using Guid(367ab36a0d1bba14f8a706c5557bcdfb) Importer(815301076,1909f56bfc062723c751e8b465ee728b)  -> (artifact id: '46b8fc9e88e701b15cec9b1a3bd11d76') in 0.002232 seconds
Number of updated asset objects reloaded before import = 0
Number of asset objects unloaded after import = 0
========================================================================
Received Import Request.
  Time since last request: 0.824300 seconds.
  path: Assets/NavMesh/NavMeshComponents/Scripts
  artifactKey: Guid(ce138f3bd105d8049b1020fee879265f) Importer(815301076,1909f56bfc062723c751e8b465ee728b)
Start importing Assets/NavMesh/NavMeshComponents/Scripts using Guid(ce138f3bd105d8049b1020fee879265f) Importer(815301076,1909f56bfc062723c751e8b465ee728b)  -> (artifact id: 'a9a7a581c3e3c34c9ca2ae655a594588') in 0.000525 seconds
Number of updated asset objects reloaded before import = 0
Number of asset objects unloaded after import = 0
========================================================================
Received Import Request.
  Time since last request: 1.391426 seconds.
  path: Assets/NavMesh/NavMeshComponents/Scripts/NavMeshSurface.cs
  artifactKey: Guid(3df27b9289d1e8c4fb82e0df4f4673ba) Importer(815301076,1909f56bfc062723c751e8b465ee728b)
Start importing Assets/NavMesh/NavMeshComponents/Scripts/NavMeshSurface.cs using Guid(3df27b9289d1e8c4fb82e0df4f4673ba) Importer(815301076,1909f56bfc062723c751e8b465ee728b)  -> (artifact id: '256ad89710ad7fe9fedc7fd4ba93ed89') in 0.000556 seconds
Number of updated asset objects reloaded before import = 0
Number of asset objects unloaded after import = 0
========================================================================
Received Import Request.
  Time since last request: 1.182719 seconds.
  path: Assets/NavMesh/NavMeshComponents/Scripts/NavMeshModifierVolume.cs
  artifactKey: Guid(2777bba7e4e7c6f4681e3ea77eef5438) Importer(815301076,1909f56bfc062723c751e8b465ee728b)
Start importing Assets/NavMesh/NavMeshComponents/Scripts/NavMeshModifierVolume.cs using Guid(2777bba7e4e7c6f4681e3ea77eef5438) Importer(815301076,1909f56bfc062723c751e8b465ee728b)  -> (artifact id: '4c3d09f249f552d4e434265abebdaedb') in 0.000546 seconds
Number of updated asset objects reloaded before import = 0
Number of asset objects unloaded after import = 0
========================================================================
Received Import Request.
  Time since last request: 72.612555 seconds.
  path: Assets/Material/Mesh Material.mat
  artifactKey: Guid(8f1bbc825e7deb8469efdcbe39dd69e8) Importer(815301076,1909f56bfc062723c751e8b465ee728b)
Start importing Assets/Material/Mesh Material.mat using Guid(8f1bbc825e7deb8469efdcbe39dd69e8) Importer(815301076,1909f56bfc062723c751e8b465ee728b)  -> (artifact id: '34c046c774c026d1012dc69c449f951b') in 0.093190 seconds
Number of updated asset objects reloaded before import = 0
Number of asset objects unloaded after import = 1
========================================================================
Received Import Request.
  Time since last request: 39.564502 seconds.
  path: Assets/Environment/Example.unity
  artifactKey: Guid(93f3bc3a6fb0a6d42ac99d6f4d15642c) Importer(815301076,1909f56bfc062723c751e8b465ee728b)
Start importing Assets/Environment/Example.unity using Guid(93f3bc3a6fb0a6d42ac99d6f4d15642c) Importer(815301076,1909f56bfc062723c751e8b465ee728b)  -> (artifact id: 'd513e3f276d1ec8ff0c1d453fce0c69d') in 0.000470 seconds
Number of updated asset objects reloaded before import = 0
Number of asset objects unloaded after import = 0
========================================================================
Received Import Request.
  Time since last request: 54.407185 seconds.
  path: Assets/Environment/Sprites
  artifactKey: Guid(31cbcbbfc56283244b6db83b73fcb8b7) Importer(815301076,1909f56bfc062723c751e8b465ee728b)
Start importing Assets/Environment/Sprites using Guid(31cbcbbfc56283244b6db83b73fcb8b7) Importer(815301076,1909f56bfc062723c751e8b465ee728b)  -> (artifact id: '78dc3bd676084add54581fead621b2c0') in 0.000473 seconds
Number of updated asset objects reloaded before import = 0
Number of asset objects unloaded after import = 0
========================================================================
Received Import Request.
  Time since last request: 0.070093 seconds.
  path: Assets/Environment/Sprites/CloseButton.png
  artifactKey: Guid(b66f50306f823ca49a399759b1da2f9e) Importer(815301076,1909f56bfc062723c751e8b465ee728b)
Start importing Assets/Environment/Sprites/CloseButton.png using Guid(b66f50306f823ca49a399759b1da2f9e) Importer(815301076,1909f56bfc062723c751e8b465ee728b)  -> (artifact id: 'dacc22229edc6d0be7da10671a5b4e7e') in 0.022467 seconds
Number of updated asset objects reloaded before import = 0
Number of asset objects unloaded after import = 2
========================================================================
Received Import Request.
  Time since last request: 0.000017 seconds.
  path: Assets/Environment/Sprites/Placeholder01.png
  artifactKey: Guid(6581e8cc987da94428f18c370081e1bb) Importer(815301076,1909f56bfc062723c751e8b465ee728b)
Start importing Assets/Environment/Sprites/Placeholder01.png using Guid(6581e8cc987da94428f18c370081e1bb) Importer(815301076,1909f56bfc062723c751e8b465ee728b)  -> (artifact id: 'cc46b37b9a3f0f883f2ebde9bcdccb27') in 0.030454 seconds
Number of updated asset objects reloaded before import = 0
Number of asset objects unloaded after import = 2
========================================================================
Received Import Request.
  Time since last request: 0.000013 seconds.
  path: Assets/Environment/Sprites/Placeholder02.png
  artifactKey: Guid(d04d93f00f6939e4ba92b2230f66d0c2) Importer(815301076,1909f56bfc062723c751e8b465ee728b)
Start importing Assets/Environment/Sprites/Placeholder02.png using Guid(d04d93f00f6939e4ba92b2230f66d0c2) Importer(815301076,1909f56bfc062723c751e8b465ee728b)  -> (artifact id: '1981bfb9612ee815043e0d9d9b4f5778') in 0.016818 seconds
Number of updated asset objects reloaded before import = 0
Number of asset objects unloaded after import = 2
========================================================================
Received Import Request.
  Time since last request: 12.056849 seconds.
  path: Assets/Environment/Models 1
  artifactKey: Guid(41c355f5fec872e44a2bd30358f2ec3b) Importer(815301076,1909f56bfc062723c751e8b465ee728b)
Start importing Assets/Environment/Models 1 using Guid(41c355f5fec872e44a2bd30358f2ec3b) Importer(815301076,1909f56bfc062723c751e8b465ee728b)  -> (artifact id: 'aa49574c2e06f7117a069c1e167156a5') in 0.000476 seconds
Number of updated asset objects reloaded before import = 0
Number of asset objects unloaded after import = 0
========================================================================
Received Import Request.
  Time since last request: 6.064159 seconds.
  path: Assets/Environment/Models/Tree 01.blend
  artifactKey: Guid(b2b9a31b76e54409cb67dcdf905d34e6) Importer(815301076,1909f56bfc062723c751e8b465ee728b)
Start importing Assets/Environment/Models/Tree 01.blend using Guid(b2b9a31b76e54409cb67dcdf905d34e6) Importer(815301076,1909f56bfc062723c751e8b465ee728b)  -> (artifact id: '06c66d65872456c69d03a85a7be67808') in 0.001107 seconds
Number of updated asset objects reloaded before import = 0
Number of asset objects unloaded after import = 1
========================================================================
Received Import Request.
  Time since last request: 33.761482 seconds.
  path: Assets/Scenes/SampleScene
  artifactKey: Guid(3e34484ae5b7d664c9a4a2f0c8dab938) Importer(815301076,1909f56bfc062723c751e8b465ee728b)
Start importing Assets/Scenes/SampleScene using Guid(3e34484ae5b7d664c9a4a2f0c8dab938) Importer(815301076,1909f56bfc062723c751e8b465ee728b)  -> (artifact id: 'a41fd4ca209f8bd1f6a200dcb780af0f') in 0.000422 seconds
Number of updated asset objects reloaded before import = 0
Number of asset objects unloaded after import = 0
========================================================================
Received Import Request.
  Time since last request: 0.242797 seconds.
  path: Assets/Scenes/SampleScene/NavMesh-Cube.asset
  artifactKey: Guid(e610d2c25325aef4f8433bd53670f280) Importer(815301076,1909f56bfc062723c751e8b465ee728b)
Start importing Assets/Scenes/SampleScene/NavMesh-Cube.asset using Guid(e610d2c25325aef4f8433bd53670f280) Importer(815301076,1909f56bfc062723c751e8b465ee728b)  -> (artifact id: '9070b0ea00cec3b0fbfe3cbf145e6c59') in 0.007091 seconds
Number of updated asset objects reloaded before import = 0
Number of asset objects unloaded after import = 1
========================================================================
Received Import Request.
  Time since last request: 0.000012 seconds.
  path: Assets/Scenes/SampleScene/NavMesh-NavMesh.asset
  artifactKey: Guid(7c4ee8714e941364d878366b75569343) Importer(815301076,1909f56bfc062723c751e8b465ee728b)
Start importing Assets/Scenes/SampleScene/NavMesh-NavMesh.asset using Guid(7c4ee8714e941364d878366b75569343) Importer(815301076,1909f56bfc062723c751e8b465ee728b)  -> (artifact id: '5d2a93ccce5351655175b1ceffac72e5') in 0.000799 seconds
Number of updated asset objects reloaded before import = 0
Number of asset objects unloaded after import = 1
========================================================================
Received Import Request.
  Time since last request: 0.000032 seconds.
  path: Assets/Scenes/SampleScene/NavMesh-NavMesh Surface.asset
  artifactKey: Guid(62cc4bebc93adfd4b95fcf1839d4066a) Importer(815301076,1909f56bfc062723c751e8b465ee728b)
Start importing Assets/Scenes/SampleScene/NavMesh-NavMesh Surface.asset using Guid(62cc4bebc93adfd4b95fcf1839d4066a) Importer(815301076,1909f56bfc062723c751e8b465ee728b)  -> (artifact id: 'f58a4ca8fa20f400e25a649c13fd69f8') in 0.005094 seconds
Number of updated asset objects reloaded before import = 0
Number of asset objects unloaded after import = 1
========================================================================
Received Import Request.
  Time since last request: 2.711160 seconds.
  path: Assets/Scenes/SampleScene.unity
  artifactKey: Guid(9fc0d4010bbf28b4594072e72b8655ab) Importer(815301076,1909f56bfc062723c751e8b465ee728b)
Start importing Assets/Scenes/SampleScene.unity using Guid(9fc0d4010bbf28b4594072e72b8655ab) Importer(815301076,1909f56bfc062723c751e8b465ee728b)  -> (artifact id: '6c21021080a1181a4aef3dbec02595bb') in 0.000611 seconds
Number of updated asset objects reloaded before import = 0
Number of asset objects unloaded after import = 0
========================================================================
Received Import Request.
  Time since last request: 6.026534 seconds.
  path: Assets/Scenes/New Scene.unity
  artifactKey: Guid(342a9814dcfca4544866e9061dd5323c) Importer(815301076,1909f56bfc062723c751e8b465ee728b)
Start importing Assets/Scenes/New Scene.unity using Guid(342a9814dcfca4544866e9061dd5323c) Importer(815301076,1909f56bfc062723c751e8b465ee728b)  -> (artifact id: 'e7dd098c1e1872155cee330927e2da08') in 0.000486 seconds
Number of updated asset objects reloaded before import = 0
Number of asset objects unloaded after import = 0
========================================================================
Received Import Request.
  Time since last request: 23.085233 seconds.
  path: Assets/Prefabs/Map Generator.prefab
  artifactKey: Guid(d0ccc8dba8d5cbd4b82f7f6a1e2ee3ce) Importer(815301076,1909f56bfc062723c751e8b465ee728b)
Start importing Assets/Prefabs/Map Generator.prefab using Guid(d0ccc8dba8d5cbd4b82f7f6a1e2ee3ce) Importer(815301076,1909f56bfc062723c751e8b465ee728b)  -> (artifact id: '856e803e9aae89f84fe985bda5d75f89') in 0.007571 seconds
Number of updated asset objects reloaded before import = 0
Number of asset objects unloaded after import = 6
========================================================================
Received Import Request.
  Time since last request: 3.518765 seconds.
  path: Assets/Prefabs/Plane.prefab
  artifactKey: Guid(fd508044f9f8b124296128170a43d89d) Importer(815301076,1909f56bfc062723c751e8b465ee728b)
Start importing Assets/Prefabs/Plane.prefab using Guid(fd508044f9f8b124296128170a43d89d) Importer(815301076,1909f56bfc062723c751e8b465ee728b)  -> (artifact id: '5d4eff576dc231a5a4d1a83673735c45') in 0.017846 seconds
Number of updated asset objects reloaded before import = 0
Number of asset objects unloaded after import = 6
========================================================================
Received Import Request.
  Time since last request: 5.704790 seconds.
  path: Assets/Prefabs/Enemy.prefab
  artifactKey: Guid(ef5cf20afcada474b81bd5c9f5f6bb83) Importer(815301076,1909f56bfc062723c751e8b465ee728b)
Start importing Assets/Prefabs/Enemy.prefab using Guid(ef5cf20afcada474b81bd5c9f5f6bb83) Importer(815301076,1909f56bfc062723c751e8b465ee728b)  -> (artifact id: 'd16adf9ec4983e1002faca985e7840db') in 0.011930 seconds
Number of updated asset objects reloaded before import = 0
Number of asset objects unloaded after import = 13
========================================================================
Received Import Request.
  Time since last request: 20.204516 seconds.
  path: Assets/Prefabs/interactable.prefab
  artifactKey: Guid(cce484b4188d0d042b2175195d7e1b72) Importer(815301076,1909f56bfc062723c751e8b465ee728b)
Start importing Assets/Prefabs/interactable.prefab using Guid(cce484b4188d0d042b2175195d7e1b72) Importer(815301076,1909f56bfc062723c751e8b465ee728b)  -> (artifact id: 'd9398631588a8dd67330b2cbd5d18834') in 0.012844 seconds
Number of updated asset objects reloaded before import = 0
Number of asset objects unloaded after import = 8
========================================================================
Received Import Request.
  Time since last request: 1.649621 seconds.
  path: Assets/Prefabs/Player.prefab
  artifactKey: Guid(0c8f68d5f49c5434c8391d3c4d0994cb) Importer(815301076,1909f56bfc062723c751e8b465ee728b)
Start importing Assets/Prefabs/Player.prefab using Guid(0c8f68d5f49c5434c8391d3c4d0994cb) Importer(815301076,1909f56bfc062723c751e8b465ee728b)  -> (artifact id: '977e4f9ac55a6c4f2fc164cac6fb5add') in 0.012879 seconds
Number of updated asset objects reloaded before import = 0
Number of asset objects unloaded after import = 14
========================================================================
Received Import Request.
  Time since last request: 89.601173 seconds.
  path: Assets/scripts/Generation/Texture Generator.cs
  artifactKey: Guid(d0c4f2cdc2594f34dbd5fc21e9c36c8c) Importer(815301076,1909f56bfc062723c751e8b465ee728b)
Start importing Assets/scripts/Generation/Texture Generator.cs using Guid(d0c4f2cdc2594f34dbd5fc21e9c36c8c) Importer(815301076,1909f56bfc062723c751e8b465ee728b)  -> (artifact id: 'c124772cc739e9e5a7773cf5b42edc11') in 0.000555 seconds
Number of updated asset objects reloaded before import = 0
Number of asset objects unloaded after import = 0
========================================================================
Received Import Request.
  Time since last request: 1.408677 seconds.
  path: Assets/scripts/Generation/Map Generator.cs
  artifactKey: Guid(837b5fb9db87cd04aa6e67e68618337c) Importer(815301076,1909f56bfc062723c751e8b465ee728b)
Start importing Assets/scripts/Generation/Map Generator.cs using Guid(837b5fb9db87cd04aa6e67e68618337c) Importer(815301076,1909f56bfc062723c751e8b465ee728b)  -> (artifact id: 'f7a1e6347418e8d56e7cbea49527e8fe') in 0.000489 seconds
Number of updated asset objects reloaded before import = 0
Number of asset objects unloaded after import = 0
========================================================================
Received Import Request.
  Time since last request: 0.391601 seconds.
  path: Assets/scripts/Generation/Map Display.cs
  artifactKey: Guid(30237bb94eb94cd46bb0bfe71bc760a4) Importer(815301076,1909f56bfc062723c751e8b465ee728b)
Start importing Assets/scripts/Generation/Map Display.cs using Guid(30237bb94eb94cd46bb0bfe71bc760a4) Importer(815301076,1909f56bfc062723c751e8b465ee728b)  -> (artifact id: 'cc4dcc7684109e3262b984cb9bffb287') in 0.000490 seconds
Number of updated asset objects reloaded before import = 0
Number of asset objects unloaded after import = 0
