Using pre-set license
Built from '2022.3/staging' branch; Version is '2022.3.7f1 (b16b3b16c7a0) revision 11627323'; Using compiler version '192829333'; Build Type 'Release'
OS: 'Windows 10  (10.0.19045) 64bit Core' Language: 'en' Physical Memory: 32717 MB
BatchMode: 1, IsHumanControllingUs: 0, StartBugReporterOnCrash: 0, Is64bit: 1, IsPro: 1

COMMAND LINE ARGUMENTS:
E:\Unity\2022.3.7f1\Editor\Unity.exe
-adb2
-batchMode
-noUpm
-name
AssetImportWorker2
-projectPath
C:/Users/jhhue/Documents/GitHub/Dungeon-Crusade/FInalGame
-logFile
Logs/AssetImportWorker2.log
-srvPort
55535
Successfully changed project path to: C:/Users/jhhue/Documents/GitHub/Dungeon-Crusade/FInalGame
C:/Users/jhhue/Documents/GitHub/Dungeon-Crusade/FInalGame
[UnityMemory] Configuration Parameters - Can be set up in boot.config
    "memorysetup-bucket-allocator-granularity=16"
    "memorysetup-bucket-allocator-bucket-count=8"
    "memorysetup-bucket-allocator-block-size=33554432"
    "memorysetup-bucket-allocator-block-count=8"
    "memorysetup-main-allocator-block-size=16777216"
    "memorysetup-thread-allocator-block-size=16777216"
    "memorysetup-gfx-main-allocator-block-size=16777216"
    "memorysetup-gfx-thread-allocator-block-size=16777216"
    "memorysetup-cache-allocator-block-size=4194304"
    "memorysetup-typetree-allocator-block-size=2097152"
    "memorysetup-profiler-bucket-allocator-granularity=16"
    "memorysetup-profiler-bucket-allocator-bucket-count=8"
    "memorysetup-profiler-bucket-allocator-block-size=33554432"
    "memorysetup-profiler-bucket-allocator-block-count=8"
    "memorysetup-profiler-allocator-block-size=16777216"
    "memorysetup-profiler-editor-allocator-block-size=1048576"
    "memorysetup-temp-allocator-size-main=16777216"
    "memorysetup-job-temp-allocator-block-size=2097152"
    "memorysetup-job-temp-allocator-block-size-background=1048576"
    "memorysetup-job-temp-allocator-reduction-small-platforms=262144"
    "memorysetup-allocator-temp-initial-block-size-main=262144"
    "memorysetup-allocator-temp-initial-block-size-worker=262144"
    "memorysetup-temp-allocator-size-background-worker=32768"
    "memorysetup-temp-allocator-size-job-worker=262144"
    "memorysetup-temp-allocator-size-preload-manager=33554432"
    "memorysetup-temp-allocator-size-nav-mesh-worker=65536"
    "memorysetup-temp-allocator-size-audio-worker=65536"
    "memorysetup-temp-allocator-size-cloud-worker=32768"
    "memorysetup-temp-allocator-size-gi-baking-worker=262144"
    "memorysetup-temp-allocator-size-gfx=262144"
Player connection [36120] Host "[IP] 192.168.1.125 [Port] 0 [Flags] 2 [Guid] 1924682814 [EditorId] 1924682814 [Version] 1048832 [Id] WindowsEditor(7,Japhs-PC) [Debug] 1 [PackageName] WindowsEditor [ProjectName] Editor" joined multi-casting on [225.0.0.222:54997]...

Player connection [36120] Host "[IP] 192.168.1.125 [Port] 0 [Flags] 2 [Guid] 1924682814 [EditorId] 1924682814 [Version] 1048832 [Id] WindowsEditor(7,Japhs-PC) [Debug] 1 [PackageName] WindowsEditor [ProjectName] Editor" joined alternative multi-casting on [225.0.0.222:34997]...

Refreshing native plugins compatible for Editor in 13.88 ms, found 3 plugins.
Preloading 0 native plugins for Editor in 0.00 ms.
Initialize engine version: 2022.3.7f1 (b16b3b16c7a0)
[Subsystems] Discovering subsystems at path E:/Unity/2022.3.7f1/Editor/Data/Resources/UnitySubsystems
[Subsystems] Discovering subsystems at path C:/Users/jhhue/Documents/GitHub/Dungeon-Crusade/FInalGame/Assets
GfxDevice: creating device client; threaded=0; jobified=0
Direct3D:
    Version:  Direct3D 11.0 [level 11.1]
    Renderer: NVIDIA GeForce RTX 3070 (ID=0x2484)
    Vendor:   NVIDIA
    VRAM:     8031 MB
    Driver:   31.0.15.3742
Initialize mono
Mono path[0] = 'E:/Unity/2022.3.7f1/Editor/Data/Managed'
Mono path[1] = 'E:/Unity/2022.3.7f1/Editor/Data/MonoBleedingEdge/lib/mono/unityjit-win32'
Mono config path = 'E:/Unity/2022.3.7f1/Editor/Data/MonoBleedingEdge/etc'
Using monoOptions --debugger-agent=transport=dt_socket,embedding=1,server=y,suspend=n,address=127.0.0.1:56472
Begin MonoManager ReloadAssembly
Registering precompiled unity dll's ...
Register platform support module: E:/Unity/2022.3.7f1/Editor/Data/PlaybackEngines/WebGLSupport/UnityEditor.WebGL.Extensions.dll
Register platform support module: E:/Unity/2022.3.7f1/Editor/Data/PlaybackEngines/WindowsStandaloneSupport/UnityEditor.WindowsStandalone.Extensions.dll
Registered in 0.005003 seconds.
- Loaded All Assemblies, in  0.326 seconds
Native extension for WindowsStandalone target not found
Native extension for WebGL target not found
Mono: successfully reloaded assembly
- Finished resetting the current domain, in  0.235 seconds
Domain Reload Profiling: 561ms
	BeginReloadAssembly (118ms)
		ExecutionOrderSort (0ms)
		DisableScriptedObjects (0ms)
		BackupInstance (0ms)
		ReleaseScriptingObjects (0ms)
		CreateAndSetChildDomain (1ms)
	RebuildCommonClasses (31ms)
	RebuildNativeTypeToScriptingClass (10ms)
	initialDomainReloadingComplete (43ms)
	LoadAllAssembliesAndSetupDomain (123ms)
		LoadAssemblies (117ms)
		RebuildTransferFunctionScriptingTraits (0ms)
		AnalyzeDomain (121ms)
			TypeCache.Refresh (119ms)
				TypeCache.ScanAssembly (109ms)
			ScanForSourceGeneratedMonoScriptInfo (0ms)
			ResolveRequiredComponents (0ms)
	FinalizeReload (235ms)
		ReleaseScriptCaches (0ms)
		RebuildScriptCaches (0ms)
		SetupLoadedEditorAssemblies (178ms)
			LogAssemblyErrors (0ms)
			InitializePlatformSupportModulesInManaged (9ms)
			SetLoadedEditorAssemblies (6ms)
			RefreshPlugins (0ms)
			BeforeProcessingInitializeOnLoad (2ms)
			ProcessInitializeOnLoadAttributes (118ms)
			ProcessInitializeOnLoadMethodAttributes (43ms)
			AfterProcessingInitializeOnLoad (0ms)
			EditorAssembliesLoaded (0ms)
		ExecutionOrderSort2 (0ms)
		AwakeInstancesAfterBackupRestoration (0ms)
========================================================================
Worker process is ready to serve import requests
Begin MonoManager ReloadAssembly
Symbol file LoadedFromMemory doesn't match image C:\Users\jhhue\Documents\GitHub\Dungeon-Crusade\FInalGame\Library\PackageCache\com.unity.visualscripting@1.8.0\Editor\VisualScripting.Core\Dependencies\YamlDotNet\Unity.VisualScripting.YamlDotNet.dll
Symbol file LoadedFromMemory doesn't match image C:\Users\jhhue\Documents\GitHub\Dungeon-Crusade\FInalGame\Library\PackageCache\com.unity.visualscripting@1.8.0\Editor\VisualScripting.Core\Dependencies\DotNetZip\Unity.VisualScripting.IonicZip.dll
- Loaded All Assemblies, in  0.619 seconds
Refreshing native plugins compatible for Editor in 3.50 ms, found 3 plugins.
Native extension for WindowsStandalone target not found
Native extension for WebGL target not found
Mono: successfully reloaded assembly
- Finished resetting the current domain, in  0.584 seconds
Domain Reload Profiling: 1201ms
	BeginReloadAssembly (154ms)
		ExecutionOrderSort (0ms)
		DisableScriptedObjects (5ms)
		BackupInstance (0ms)
		ReleaseScriptingObjects (0ms)
		CreateAndSetChildDomain (19ms)
	RebuildCommonClasses (35ms)
	RebuildNativeTypeToScriptingClass (10ms)
	initialDomainReloadingComplete (35ms)
	LoadAllAssembliesAndSetupDomain (384ms)
		LoadAssemblies (308ms)
		RebuildTransferFunctionScriptingTraits (0ms)
		AnalyzeDomain (161ms)
			TypeCache.Refresh (141ms)
				TypeCache.ScanAssembly (129ms)
			ScanForSourceGeneratedMonoScriptInfo (14ms)
			ResolveRequiredComponents (4ms)
	FinalizeReload (584ms)
		ReleaseScriptCaches (0ms)
		RebuildScriptCaches (0ms)
		SetupLoadedEditorAssemblies (445ms)
			LogAssemblyErrors (0ms)
			InitializePlatformSupportModulesInManaged (5ms)
			SetLoadedEditorAssemblies (6ms)
			RefreshPlugins (0ms)
			BeforeProcessingInitializeOnLoad (109ms)
			ProcessInitializeOnLoadAttributes (306ms)
			ProcessInitializeOnLoadMethodAttributes (16ms)
			AfterProcessingInitializeOnLoad (3ms)
			EditorAssembliesLoaded (0ms)
		ExecutionOrderSort2 (0ms)
		AwakeInstancesAfterBackupRestoration (5ms)
Launched and connected shader compiler UnityShaderCompiler.exe after 0.04 seconds
Refreshing native plugins compatible for Editor in 3.48 ms, found 3 plugins.
Preloading 0 native plugins for Editor in 0.00 ms.
Unloading 3552 Unused Serialized files (Serialized files now loaded: 0)
Unloading 38 unused Assets / (57.5 KB). Loaded Objects now: 4041.
Memory consumption went from 139.9 MB to 139.8 MB.
Total: 2.904300 ms (FindLiveObjects: 0.273700 ms CreateObjectMapping: 0.085900 ms MarkObjects: 2.422000 ms  DeleteObjects: 0.122100 ms)

AssetImportParameters requested are different than current active one (requested -> active):
  custom:container-demuxer-ogg: 62fdf1f143b41e24485cea50d1cbac27 -> 
  custom:video-decoder-ogg-theora: a1e56fd34408186e4bbccfd4996cb3dc -> 
  custom:framework-win-MediaFoundation: 216162199b28c13a410421893ffa2e32 -> 
  custom:CustomObjectIndexerAttribute: 756ad292c208cfabdd7b50bc23989ffe -> 
  custom:container-demuxer-webm: 4f35f7cbe854078d1ac9338744f61a02 -> 
  custom:container-muxer-webm: aa71ff27fc2769a1b78a27578f13a17b -> 
  custom:video-decoder-webm-vp8: 9c59270c3fd7afecdb556c50c9e8de78 -> 
  custom:SearchIndexIgnoredProperties: e643bd26f0fe6173181afceb89e7c659 -> 
  custom:AudioImporter_EditorPlatform: d09bf68614088b80899f8185d706f6e7 -> 
  custom:video-encoder-webm-vp8: eb34c28f22e8b96e1ab97ce403110664 -> 
  custom:audio-decoder-ogg-vorbis: bf7c407c2cedff20999df2af8eb42d56 -> 
  custom:audio-encoder-webm-vorbis: bf7c407c2cedff20999df2af8eb42d56 -> 
========================================================================
Received Import Request.
  Time since last request: 699522.490896 seconds.
  path: Assets/LowPolyFoodLite/Textures
  artifactKey: Guid(f5d1b2ca9a3d18b499ffa78534c5aef1) Importer(815301076,1909f56bfc062723c751e8b465ee728b)
Start importing Assets/LowPolyFoodLite/Textures using Guid(f5d1b2ca9a3d18b499ffa78534c5aef1) Importer(815301076,1909f56bfc062723c751e8b465ee728b)  -> (artifact id: '127273c1b91e5ca9de41ba4e1becbc67') in 0.002611 seconds
Number of updated asset objects reloaded before import = 0
Number of asset objects unloaded after import = 0
========================================================================
Received Import Request.
  Time since last request: 0.370652 seconds.
  path: Assets/LowPolyFoodLite/Textures/LowPolyFoodLiteTexture_01.png
  artifactKey: Guid(eb447288676d0ef4e8428f44adebc551) Importer(815301076,1909f56bfc062723c751e8b465ee728b)
Start importing Assets/LowPolyFoodLite/Textures/LowPolyFoodLiteTexture_01.png using Guid(eb447288676d0ef4e8428f44adebc551) Importer(815301076,1909f56bfc062723c751e8b465ee728b)  -> (artifact id: '5fe6c1a208bbce36672c4e64d8005b5c') in 0.052135 seconds
Number of updated asset objects reloaded before import = 0
Number of asset objects unloaded after import = 2
========================================================================
Received Import Request.
  Time since last request: 5.178384 seconds.
  path: Assets/LowPolyFoodLite/Prefabs
  artifactKey: Guid(2359cbeec6c6d9f4383c6f907531c518) Importer(815301076,1909f56bfc062723c751e8b465ee728b)
Start importing Assets/LowPolyFoodLite/Prefabs using Guid(2359cbeec6c6d9f4383c6f907531c518) Importer(815301076,1909f56bfc062723c751e8b465ee728b)  -> (artifact id: 'e8300b58669c2a421a4daa52880840eb') in 0.000570 seconds
Number of updated asset objects reloaded before import = 0
Number of asset objects unloaded after import = 0
========================================================================
Received Import Request.
  Time since last request: 0.379998 seconds.
  path: Assets/LowPolyFoodLite/Scenes
  artifactKey: Guid(75e5fb19101b6f5429325578ed674c59) Importer(815301076,1909f56bfc062723c751e8b465ee728b)
Start importing Assets/LowPolyFoodLite/Scenes using Guid(75e5fb19101b6f5429325578ed674c59) Importer(815301076,1909f56bfc062723c751e8b465ee728b)  -> (artifact id: 'e13ef06c105c500cddf134c16592f6d1') in 0.000500 seconds
Number of updated asset objects reloaded before import = 0
Number of asset objects unloaded after import = 0
========================================================================
Received Import Request.
  Time since last request: 1.216943 seconds.
  path: Assets/LowPolyFoodLite/Scenes/LowPolyFoodLite_Overview.unity
  artifactKey: Guid(830555991cbd4ab4ea246bff692685a3) Importer(815301076,1909f56bfc062723c751e8b465ee728b)
Start importing Assets/LowPolyFoodLite/Scenes/LowPolyFoodLite_Overview.unity using Guid(830555991cbd4ab4ea246bff692685a3) Importer(815301076,1909f56bfc062723c751e8b465ee728b)  -> (artifact id: '358cb457776267bc7ef01124637af5a9') in 0.000623 seconds
Number of updated asset objects reloaded before import = 0
Number of asset objects unloaded after import = 0
========================================================================
Received Import Request.
  Time since last request: 4.119668 seconds.
  path: Assets/LowPolyFoodLite/Prefabs/Apple.prefab
  artifactKey: Guid(d0ddd93953187fd4195f9cea4a7b8a56) Importer(815301076,1909f56bfc062723c751e8b465ee728b)
Start importing Assets/LowPolyFoodLite/Prefabs/Apple.prefab using Guid(d0ddd93953187fd4195f9cea4a7b8a56) Importer(815301076,1909f56bfc062723c751e8b465ee728b)  -> (artifact id: '8eb077e63b50aca86749bd8184e27012') in 0.072177 seconds
Number of updated asset objects reloaded before import = 0
Number of asset objects unloaded after import = 10
========================================================================
Received Import Request.
  Time since last request: 0.000024 seconds.
  path: Assets/LowPolyFoodLite/Prefabs/KitchenProps_01.prefab
  artifactKey: Guid(49631361040b46f4889e95efdb1b1a3c) Importer(815301076,1909f56bfc062723c751e8b465ee728b)
Start importing Assets/LowPolyFoodLite/Prefabs/KitchenProps_01.prefab using Guid(49631361040b46f4889e95efdb1b1a3c) Importer(815301076,1909f56bfc062723c751e8b465ee728b)  -> (artifact id: '74d02da339b1c6393a06601184d6d3a5') in 0.017813 seconds
Number of updated asset objects reloaded before import = 0
Number of asset objects unloaded after import = 10
========================================================================
Received Import Request.
  Time since last request: 0.000018 seconds.
  path: Assets/LowPolyFoodLite/Prefabs/Fish.prefab
  artifactKey: Guid(1c6865324f95c004293d5d1efe86d559) Importer(815301076,1909f56bfc062723c751e8b465ee728b)
Start importing Assets/LowPolyFoodLite/Prefabs/Fish.prefab using Guid(1c6865324f95c004293d5d1efe86d559) Importer(815301076,1909f56bfc062723c751e8b465ee728b)  -> (artifact id: '53a0713314815fdb614c8d8e1b31b3ec') in 0.017331 seconds
Number of updated asset objects reloaded before import = 0
Number of asset objects unloaded after import = 10
========================================================================
Received Import Request.
  Time since last request: 0.000017 seconds.
  path: Assets/LowPolyFoodLite/Prefabs/Pumpkin.prefab
  artifactKey: Guid(e532945e283cca7478582f8a1880fdc7) Importer(815301076,1909f56bfc062723c751e8b465ee728b)
Start importing Assets/LowPolyFoodLite/Prefabs/Pumpkin.prefab using Guid(e532945e283cca7478582f8a1880fdc7) Importer(815301076,1909f56bfc062723c751e8b465ee728b)  -> (artifact id: 'e3365aca9b532c857b7e9c5b2d442f17') in 0.018486 seconds
Number of updated asset objects reloaded before import = 0
Number of asset objects unloaded after import = 10
========================================================================
Received Import Request.
  Time since last request: 0.000021 seconds.
  path: Assets/LowPolyFoodLite/Prefabs/Watermelon.prefab
  artifactKey: Guid(517e976be9ac3ee41a961dd8bf728615) Importer(815301076,1909f56bfc062723c751e8b465ee728b)
Start importing Assets/LowPolyFoodLite/Prefabs/Watermelon.prefab using Guid(517e976be9ac3ee41a961dd8bf728615) Importer(815301076,1909f56bfc062723c751e8b465ee728b)  -> (artifact id: '66090ddf1ebd01ed636674d5d3779036') in 0.058297 seconds
Number of updated asset objects reloaded before import = 0
Number of asset objects unloaded after import = 10
========================================================================
Received Import Request.
  Time since last request: 0.000023 seconds.
  path: Assets/LowPolyFoodLite/Prefabs/Bread.prefab
  artifactKey: Guid(d6846055e97b9ac42a6e11a3ea4f1237) Importer(815301076,1909f56bfc062723c751e8b465ee728b)
Start importing Assets/LowPolyFoodLite/Prefabs/Bread.prefab using Guid(d6846055e97b9ac42a6e11a3ea4f1237) Importer(815301076,1909f56bfc062723c751e8b465ee728b)  -> (artifact id: '7bbe629344a99123f0f1dec3ed437c91') in 0.038898 seconds
Number of updated asset objects reloaded before import = 0
Number of asset objects unloaded after import = 10
========================================================================
Received Import Request.
  Time since last request: 0.000016 seconds.
  path: Assets/LowPolyFoodLite/Prefabs/CoffeCup.prefab
  artifactKey: Guid(6b5c801f5ca0b3e4aa2780dbe3ba0538) Importer(815301076,1909f56bfc062723c751e8b465ee728b)
Start importing Assets/LowPolyFoodLite/Prefabs/CoffeCup.prefab using Guid(6b5c801f5ca0b3e4aa2780dbe3ba0538) Importer(815301076,1909f56bfc062723c751e8b465ee728b)  -> (artifact id: '1abce2d60ededcc5b56833301521c669') in 0.017675 seconds
Number of updated asset objects reloaded before import = 0
Number of asset objects unloaded after import = 10
========================================================================
Received Import Request.
  Time since last request: 0.000091 seconds.
  path: Assets/LowPolyFoodLite/Prefabs/Plate_02.prefab
  artifactKey: Guid(1b4c57d892a190d488bc5467a43318ef) Importer(815301076,1909f56bfc062723c751e8b465ee728b)
Start importing Assets/LowPolyFoodLite/Prefabs/Plate_02.prefab using Guid(1b4c57d892a190d488bc5467a43318ef) Importer(815301076,1909f56bfc062723c751e8b465ee728b)  -> (artifact id: '16f9a841136a6700ab33aa787028b0df') in 0.080658 seconds
Number of updated asset objects reloaded before import = 0
Number of asset objects unloaded after import = 10
========================================================================
Received Prepare
Begin MonoManager ReloadAssembly
Symbol file LoadedFromMemory doesn't match image C:\Users\jhhue\Documents\GitHub\Dungeon-Crusade\FInalGame\Library\PackageCache\com.unity.visualscripting@1.8.0\Editor\VisualScripting.Core\Dependencies\YamlDotNet\Unity.VisualScripting.YamlDotNet.dll
Symbol file LoadedFromMemory doesn't match image C:\Users\jhhue\Documents\GitHub\Dungeon-Crusade\FInalGame\Library\PackageCache\com.unity.visualscripting@1.8.0\Editor\VisualScripting.Core\Dependencies\DotNetZip\Unity.VisualScripting.IonicZip.dll
- Loaded All Assemblies, in  0.491 seconds
Refreshing native plugins compatible for Editor in 4.79 ms, found 3 plugins.
Native extension for WindowsStandalone target not found
Native extension for WebGL target not found
Mono: successfully reloaded assembly
- Finished resetting the current domain, in  1.084 seconds
Domain Reload Profiling: 1574ms
	BeginReloadAssembly (170ms)
		ExecutionOrderSort (0ms)
		DisableScriptedObjects (4ms)
		BackupInstance (0ms)
		ReleaseScriptingObjects (0ms)
		CreateAndSetChildDomain (32ms)
	RebuildCommonClasses (33ms)
	RebuildNativeTypeToScriptingClass (13ms)
	initialDomainReloadingComplete (24ms)
	LoadAllAssembliesAndSetupDomain (250ms)
		LoadAssemblies (338ms)
		RebuildTransferFunctionScriptingTraits (0ms)
		AnalyzeDomain (15ms)
			TypeCache.Refresh (6ms)
				TypeCache.ScanAssembly (0ms)
			ScanForSourceGeneratedMonoScriptInfo (0ms)
			ResolveRequiredComponents (7ms)
	FinalizeReload (1085ms)
		ReleaseScriptCaches (0ms)
		RebuildScriptCaches (0ms)
		SetupLoadedEditorAssemblies (516ms)
			LogAssemblyErrors (0ms)
			InitializePlatformSupportModulesInManaged (5ms)
			SetLoadedEditorAssemblies (7ms)
			RefreshPlugins (0ms)
			BeforeProcessingInitializeOnLoad (138ms)
			ProcessInitializeOnLoadAttributes (338ms)
			ProcessInitializeOnLoadMethodAttributes (24ms)
			AfterProcessingInitializeOnLoad (4ms)
			EditorAssembliesLoaded (0ms)
		ExecutionOrderSort2 (0ms)
		AwakeInstancesAfterBackupRestoration (6ms)
Refreshing native plugins compatible for Editor in 4.65 ms, found 3 plugins.
Preloading 0 native plugins for Editor in 0.00 ms.
Unloading 3544 Unused Serialized files (Serialized files now loaded: 0)
Unloading 23 unused Assets / (31.0 KB). Loaded Objects now: 4053.
Memory consumption went from 142.7 MB to 142.7 MB.
Total: 3.522400 ms (FindLiveObjects: 0.362500 ms CreateObjectMapping: 0.263600 ms MarkObjects: 2.831800 ms  DeleteObjects: 0.063400 ms)

Prepare: number of updated asset objects reloaded= 0
AssetImportParameters requested are different than current active one (requested -> active):
  custom:container-demuxer-ogg: 62fdf1f143b41e24485cea50d1cbac27 -> 
  custom:video-decoder-ogg-theora: a1e56fd34408186e4bbccfd4996cb3dc -> 
  custom:framework-win-MediaFoundation: 216162199b28c13a410421893ffa2e32 -> 
  custom:CustomObjectIndexerAttribute: 756ad292c208cfabdd7b50bc23989ffe -> 
  custom:container-demuxer-webm: 4f35f7cbe854078d1ac9338744f61a02 -> 
  custom:container-muxer-webm: aa71ff27fc2769a1b78a27578f13a17b -> 
  custom:video-decoder-webm-vp8: 9c59270c3fd7afecdb556c50c9e8de78 -> 
  custom:SearchIndexIgnoredProperties: e643bd26f0fe6173181afceb89e7c659 -> 
  custom:AudioImporter_EditorPlatform: d09bf68614088b80899f8185d706f6e7 -> 
  custom:video-encoder-webm-vp8: eb34c28f22e8b96e1ab97ce403110664 -> 
  custom:audio-decoder-ogg-vorbis: bf7c407c2cedff20999df2af8eb42d56 -> 
  custom:audio-encoder-webm-vorbis: bf7c407c2cedff20999df2af8eb42d56 -> 
Editor requested this worker to shutdown with reason: Scaling down because of idle timeout
TcpMessagingSession - receive error: operation aborted. errorcode: 995, details: The I/O operation has been aborted because of either a thread exit or an application request.
AssetImportWorker is now disconnected from the server
Process exiting
Exiting without the bug reporter. Application will terminate with return code 0